#
# There is insufficient memory for the Java Runtime Environment to continue.
# Native memory allocation (mmap) failed to map 134217728 bytes for G1 virtual space
# Possible reasons:
#   The system is out of physical RAM or swap space
#   The process is running with CompressedOops enabled, and the Java Heap may be blocking the growth of the native heap
# Possible solutions:
#   Reduce memory load on the system
#   Increase physical memory or swap space
#   Check if swap backing store is full
#   Decrease Java heap size (-Xmx/-Xms)
#   Decrease number of Java threads
#   Decrease Java thread stack sizes (-Xss)
#   Set larger code cache with -XX:ReservedCodeCacheSize=
#   JVM is running with Unscaled Compressed Oops mode in which the Java heap is
#     placed in the first 4GB address space. The Java Heap base address is the
#     maximum limit for the native heap growth. Please use -XX:HeapBaseMinAddress
#     to set the Java Heap base and to place the Java Heap above 4GB virtual address.
# This output file may be truncated or incomplete.
#
#  Out of Memory Error (./open/src/hotspot/os/windows/os_windows.cpp:3321), pid=30812, tid=31040
#
# JRE version:  (15.0.2+7) (build )
# Java VM: OpenJDK 64-Bit Server VM (15.0.2+7-27, mixed mode, sharing, tiered, compressed oops, g1 gc, windows-amd64)
# No core dump will be written. Minidumps are not enabled by default on client versions of Windows
#

---------------  S U M M A R Y ------------

Command Line: -Dfile.encoding=Cp1252 -XX:+ShowCodeDetailsInExceptionMessages views.start

Host: Intel(R) Core(TM) i7-8565U CPU @ 1.80GHz, 8 cores, 7G,  Windows 10 , 64 bit Build 19041 (10.0.19041.928)
Time: Tue Jun 22 06:22:09 2021 Egypt Standard Time elapsed time: 0.190548 seconds (0d 0h 0m 0s)

---------------  T H R E A D  ---------------

Current thread (0x00000225a4e22b50):  JavaThread "Unknown thread" [_thread_in_vm, id=31040, stack(0x000000bf8aa00000,0x000000bf8ab00000)]

Stack: [0x000000bf8aa00000,0x000000bf8ab00000]
Native frames: (J=compiled Java code, j=interpreted, Vv=VM code, C=native code)
V  [jvm.dll+0x62ae9a]
V  [jvm.dll+0x7817a9]
V  [jvm.dll+0x782f03]
V  [jvm.dll+0x783563]
V  [jvm.dll+0x216325]
V  [jvm.dll+0x6281d9]
V  [jvm.dll+0x61cf55]
V  [jvm.dll+0x2cffdd]
V  [jvm.dll+0x2cfe42]
V  [jvm.dll+0x2d5e1c]
V  [jvm.dll+0x32590a]
V  [jvm.dll+0x324fd4]
V  [jvm.dll+0x2a6f5a]
V  [jvm.dll+0x2a80f8]
V  [jvm.dll+0x75e241]
V  [jvm.dll+0x3341c4]
V  [jvm.dll+0x73e926]
V  [jvm.dll+0x3b7557]
V  [jvm.dll+0x3b8fe1]
C  [jli.dll+0x52fb]
C  [ucrtbase.dll+0x21bb2]
C  [KERNEL32.DLL+0x17034]
C  [ntdll.dll+0x52651]


---------------  P R O C E S S  ---------------

Threads class SMR info:
_java_thread_list=0x00007ffac9d04ff0, length=0, elements={
}

Java Threads: ( => current thread )

Other Threads:
  0x00000225a4e62b90 GCTaskThread "GC Thread#0" [stack: 0x000000bf8ab00000,0x000000bf8ac00000] [id=9348]
  0x00000225a4e76130 ConcurrentGCThread "G1 Main Marker" [stack: 0x000000bf8ac00000,0x000000bf8ad00000] [id=16584]
  0x00000225a4e76c20 ConcurrentGCThread "G1 Conc#0" [stack: 0x000000bf8ad00000,0x000000bf8ae00000] [id=15592]

[error occurred during error reporting (printing all threads), id 0xc0000005, EXCEPTION_ACCESS_VIOLATION (0xc0000005) at pc=0x00007ffac94f7e27]

VM state: not at safepoint (not fully initialized)

VM Mutex/Monitor currently owned by a thread:  ([mutex/lock_event])
[0x00000225a4e1d820] Heap_lock - owner thread: 0x00000225a4e22b50

Heap address: 0x0000000081c00000, size: 2020 MB, Compressed Oops mode: 32-bit
CDS archive(s) mapped at: [0x0000000000000000-0x0000000000000000-0x0000000000000000), size 0, SharedBaseAddress: 0x0000000800000000, ArchiveRelocationMode: 0.
Narrow klass base: 0x0000000000000000, Narrow klass shift: 0, Narrow klass range: 0x0

Heap:
 garbage-first heap   total 131072K, used 0K [0x0000000081c00000, 0x0000000100000000)
  region size 1024K, 0 young (0K), 0 survivors (0K)
 Metaspace       used 0K, capacity 0K, committed 0K, reserved 0K
  class space    used 0K, capacity 0K, committed 0K, reserved 0K

Heap Regions: E=young(eden), S=young(survivor), O=old, HS=humongous(starts), HC=humongous(continues), CS=collection set, F=free, OA=open archive, CA=closed archive, TAMS=top-at-mark-start (previous, next)

Card table byte_map: [0x00000225b9e80000,0x00000225ba280000] _byte_map_base: 0x00000225b9a72000

Marking Bits (Prev, Next): (CMBitMap*) 0x00000225a4e64320, (CMBitMap*) 0x00000225a4e64360
 Prev Bits: [0x00000225ba680000, 0x00000225bc610000)
 Next Bits: [0x00000225bc610000, 0x00000225be5a0000)

GC Heap History (0 events):
No events

Deoptimization events (0 events):
No events

Classes unloaded (0 events):
No events

Classes redefined (0 events):
No events

Internal exceptions (0 events):
No events

Events (1 events):
Event: 0.008 Loaded shared library C:\Users\ELZAHBIA\.p2\pool\plugins\org.eclipse.justj.openjdk.hotspot.jre.full.win32.x86_64_15.0.2.v20210201-0955\jre\bin\java.dll


Dynamic libraries:
0x00007ff630540000 - 0x00007ff63054d000 	C:\Users\ELZAHBIA\.p2\pool\plugins\org.eclipse.justj.openjdk.hotspot.jre.full.win32.x86_64_15.0.2.v20210201-0955\jre\bin\javaw.exe
0x00007ffb04d90000 - 0x00007ffb04f85000 	C:\WINDOWS\SYSTEM32\ntdll.dll
0x00007ffb04c90000 - 0x00007ffb04d4d000 	C:\WINDOWS\System32\KERNEL32.DLL
0x00007ffb02b20000 - 0x00007ffb02de8000 	C:\WINDOWS\System32\KERNELBASE.dll
0x00007ffb024d0000 - 0x00007ffb025d0000 	C:\WINDOWS\System32\ucrtbase.dll
0x00007ffafc520000 - 0x00007ffafc539000 	C:\Users\ELZAHBIA\.p2\pool\plugins\org.eclipse.justj.openjdk.hotspot.jre.full.win32.x86_64_15.0.2.v20210201-0955\jre\bin\VCRUNTIME140.dll
0x00007ffafc500000 - 0x00007ffafc518000 	C:\Users\ELZAHBIA\.p2\pool\plugins\org.eclipse.justj.openjdk.hotspot.jre.full.win32.x86_64_15.0.2.v20210201-0955\jre\bin\jli.dll
0x00007ffb043b0000 - 0x00007ffb04550000 	C:\WINDOWS\System32\USER32.dll
0x00007ffb02630000 - 0x00007ffb02652000 	C:\WINDOWS\System32\win32u.dll
0x00007ffb037c0000 - 0x00007ffb037ea000 	C:\WINDOWS\System32\GDI32.dll
0x00007ffb02660000 - 0x00007ffb0276b000 	C:\WINDOWS\System32\gdi32full.dll
0x00007ffb027a0000 - 0x00007ffb0283d000 	C:\WINDOWS\System32\msvcp_win.dll
0x00007ffae8060000 - 0x00007ffae82fa000 	C:\WINDOWS\WinSxS\amd64_microsoft.windows.common-controls_6595b64144ccf1df_6.0.19041.844_none_ca00b6081b84eb1d\COMCTL32.dll
0x00007ffb03a80000 - 0x00007ffb03b1e000 	C:\WINDOWS\System32\msvcrt.dll
0x00007ffb02f10000 - 0x00007ffb02f40000 	C:\WINDOWS\System32\IMM32.DLL
0x00007ffafcc90000 - 0x00007ffafcc9c000 	C:\Users\ELZAHBIA\.p2\pool\plugins\org.eclipse.justj.openjdk.hotspot.jre.full.win32.x86_64_15.0.2.v20210201-0955\jre\bin\vcruntime140_1.dll
0x00007fface770000 - 0x00007fface801000 	C:\Users\ELZAHBIA\.p2\pool\plugins\org.eclipse.justj.openjdk.hotspot.jre.full.win32.x86_64_15.0.2.v20210201-0955\jre\bin\msvcp140.dll
0x00007ffac9240000 - 0x00007ffac9d9e000 	C:\Users\ELZAHBIA\.p2\pool\plugins\org.eclipse.justj.openjdk.hotspot.jre.full.win32.x86_64_15.0.2.v20210201-0955\jre\bin\server\jvm.dll
0x00007ffb046d0000 - 0x00007ffb0477c000 	C:\WINDOWS\System32\ADVAPI32.dll
0x00007ffb04bf0000 - 0x00007ffb04c8b000 	C:\WINDOWS\System32\sechost.dll
0x00007ffb02f40000 - 0x00007ffb0306b000 	C:\WINDOWS\System32\RPCRT4.dll
0x00007ffb02f00000 - 0x00007ffb02f08000 	C:\WINDOWS\System32\PSAPI.DLL
0x00007ffafabd0000 - 0x00007ffafabd9000 	C:\WINDOWS\SYSTEM32\WSOCK32.dll
0x00007ffb04ae0000 - 0x00007ffb04b4b000 	C:\WINDOWS\System32\WS2_32.dll
0x00007ffb02080000 - 0x00007ffb0208a000 	C:\WINDOWS\SYSTEM32\VERSION.dll
0x00007ffaeef20000 - 0x00007ffaeef47000 	C:\WINDOWS\SYSTEM32\WINMM.dll
0x00007ffb01080000 - 0x00007ffb01092000 	C:\WINDOWS\SYSTEM32\kernel.appcore.dll
0x00007ffafaa90000 - 0x00007ffafaa9a000 	C:\Users\ELZAHBIA\.p2\pool\plugins\org.eclipse.justj.openjdk.hotspot.jre.full.win32.x86_64_15.0.2.v20210201-0955\jre\bin\jimage.dll
0x00007ffb002a0000 - 0x00007ffb00484000 	C:\WINDOWS\SYSTEM32\DBGHELP.DLL
0x00007ffaf1d10000 - 0x00007ffaf1d3c000 	C:\WINDOWS\SYSTEM32\dbgcore.DLL
0x00007ffb02a50000 - 0x00007ffb02ad0000 	C:\WINDOWS\System32\bcryptPrimitives.dll
0x00007ffafa9e0000 - 0x00007ffafaa05000 	C:\Users\ELZAHBIA\.p2\pool\plugins\org.eclipse.justj.openjdk.hotspot.jre.full.win32.x86_64_15.0.2.v20210201-0955\jre\bin\java.dll

dbghelp: loaded successfully - version: 4.0.5 - missing functions: none
symbol engine: initialized successfully - sym options: 0x614 - pdb path: .;C:\Users\ELZAHBIA\.p2\pool\plugins\org.eclipse.justj.openjdk.hotspot.jre.full.win32.x86_64_15.0.2.v20210201-0955\jre\bin;C:\WINDOWS\SYSTEM32;C:\WINDOWS\WinSxS\amd64_microsoft.windows.common-controls_6595b64144ccf1df_6.0.19041.844_none_ca00b6081b84eb1d;C:\Users\ELZAHBIA\.p2\pool\plugins\org.eclipse.justj.openjdk.hotspot.jre.full.win32.x86_64_15.0.2.v20210201-0955\jre\bin\server

VM Arguments:
jvm_args: -Dfile.encoding=Cp1252 -XX:+ShowCodeDetailsInExceptionMessages 
java_command: views.start
java_class_path (initial): C:\Users\ELZAHBIA\eclipse-workspace\EmpireM2\bin;C:\Users\ELZAHBIA\.p2\pool\plugins\org.junit_4.13.0.v20200204-1500.jar;C:\Users\ELZAHBIA\.p2\pool\plugins\org.hamcrest.core_1.3.0.v20180420-1519.jar
Launcher Type: SUN_STANDARD

[Global flags]
     intx CICompilerCount                          = 4                                         {product} {ergonomic}
     uint ConcGCThreads                            = 2                                         {product} {ergonomic}
     uint G1ConcRefinementThreads                  = 8                                         {product} {ergonomic}
   size_t G1HeapRegionSize                         = 1048576                                   {product} {ergonomic}
    uintx GCDrainStackTargetSize                   = 64                                        {product} {ergonomic}
   size_t InitialHeapSize                          = 134217728                                 {product} {ergonomic}
   size_t MarkStackSize                            = 4194304                                   {product} {ergonomic}
   size_t MaxHeapSize                              = 2118123520                                {product} {ergonomic}
   size_t MinHeapDeltaBytes                        = 1048576                                   {product} {ergonomic}
   size_t MinHeapSize                              = 8388608                                   {product} {ergonomic}
    uintx NonNMethodCodeHeapSize                   = 5839372                                {pd product} {ergonomic}
    uintx NonProfiledCodeHeapSize                  = 122909434                              {pd product} {ergonomic}
    uintx ProfiledCodeHeapSize                     = 122909434                              {pd product} {ergonomic}
    uintx ReservedCodeCacheSize                    = 251658240                              {pd product} {ergonomic}
     bool SegmentedCodeCache                       = true                                      {product} {ergonomic}
     bool ShowCodeDetailsInExceptionMessages       = true                                   {manageable} {command line}
   size_t SoftMaxHeapSize                          = 2118123520                             {manageable} {ergonomic}
     bool UseCompressedClassPointers               = true                                 {lp64_product} {ergonomic}
     bool UseCompressedOops                        = true                                 {lp64_product} {ergonomic}
     bool UseG1GC                                  = true                                      {product} {ergonomic}
     bool UseLargePagesIndividualAllocation        = false                                  {pd product} {ergonomic}

Logging:
Log output configuration:
 #0: stdout all=warning uptime,level,tags
 #1: stderr all=off uptime,level,tags

Environment Variables:
PATH=C:/Users/ELZAHBIA/.p2/pool/plugins/org.eclipse.justj.openjdk.hotspot.jre.full.win32.x86_64_15.0.2.v20210201-0955/jre/bin/server;C:/Users/ELZAHBIA/.p2/pool/plugins/org.eclipse.justj.openjdk.hotspot.jre.full.win32.x86_64_15.0.2.v20210201-0955/jre/bin;C:\Program Files (x86)\Common Files\Oracle\Java\javapath;C:\Windows\system32;C:\Windows;C:\Windows\System32\Wbem;C:\Windows\System32\WindowsPowerShell\v1.0\;C:\Windows\System32\OpenSSH\;C:\Program Files (x86)\NVIDIA Corporation\PhysX\Common;C:\Program Files\NVIDIA Corporation\NVIDIA NvDLISR;C:\WINDOWS\system32;C:\WINDOWS;C:\WINDOWS\System32\Wbem;C:\WINDOWS\System32\WindowsPowerShell\v1.0\;C:\WINDOWS\System32\OpenSSH\;C:\Users\ELZAHBIA\AppData\Local\Microsoft\WindowsApps;;C:\Users\ELZAHBIA\Desktop;
USERNAME=ELZAHBIA
OS=Windows_NT
PROCESSOR_IDENTIFIER=Intel64 Family 6 Model 142 Stepping 11, GenuineIntel



---------------  S Y S T E M  ---------------

OS:
 Windows 10 , 64 bit Build 19041 (10.0.19041.928)
OS uptime: 8 days 4:49 hours

CPU: total 8 (initial active 8) (4 cores per cpu, 2 threads per core) family 6 model 142 stepping 11 microcode 0xae, cmov, cx8, fxsr, mmx, sse, sse2, sse3, ssse3, sse4.1, sse4.2, popcnt, vzeroupper, avx, avx2, aes, clmul, erms, 3dnowpref, lzcnt, ht, tsc, tscinvbit, bmi1, bmi2, adx, fma, clflush, clflushopt

Memory: 4k page, system-wide physical 8078M (1276M free)
TotalPageFile size 24701M (AvailPageFile size 42M)
current process WorkingSet (physical memory assigned to process): 10M, peak: 10M
current process commit charge ("private bytes"): 60M, peak: 188M

vm_info: OpenJDK 64-Bit Server VM (15.0.2+7-27) for windows-amd64 JRE (15.0.2+7-27), built on Dec  7 2020 20:02:38 by "mach5one" with unknown MS VC++:1925

END.
